<?xml version="1.0" encoding="UTF-8"?>
<!-- Generated by org.testng.reporters.JUnitReportReporter -->
<testsuite hostname="WIN-QPKBDDFI4NV" name="com.testng.test.testBaidu" tests="1" failures="0" timestamp="19 Feb 2017 08:51:14 GMT" time="69.736" errors="0">
  <testcase name="testCase" time="69.736" classname="com.testng.test.testBaidu"/>
</testsuite> <!-- com.testng.test.testBaidu -->
